[I 2024-11-15 12:01:37.141 ServerApp] jupyter_lsp | extension was successfully linked.
[I 2024-11-15 12:01:37.152 ServerApp] jupyter_server_terminals | extension was successfully linked.
[I 2024-11-15 12:01:37.162 ServerApp] jupyterlab | extension was successfully linked.
[I 2024-11-15 12:01:37.167 ServerApp] notebook | extension was successfully linked.
[I 2024-11-15 12:01:38.362 ServerApp] notebook_shim | extension was successfully linked.
[I 2024-11-15 12:01:38.498 ServerApp] notebook_shim | extension was successfully loaded.
[I 2024-11-15 12:01:38.500 ServerApp] jupyter_lsp | extension was successfully loaded.
[I 2024-11-15 12:01:38.501 ServerApp] jupyter_server_terminals | extension was successfully loaded.
[I 2024-11-15 12:01:38.621 LabApp] JupyterLab extension loaded from /home/oldmovielover/miniforge3/lib/python3.12/site-packages/jupyterlab
[I 2024-11-15 12:01:38.621 LabApp] JupyterLab application directory is /home/oldmovielover/miniforge3/share/jupyter/lab
[I 2024-11-15 12:01:38.622 LabApp] Extension Manager is 'pypi'.
[I 2024-11-15 12:01:38.647 ServerApp] jupyterlab | extension was successfully loaded.
[I 2024-11-15 12:01:38.651 ServerApp] notebook | extension was successfully loaded.
[I 2024-11-15 12:01:38.651 ServerApp] Serving notebooks from local directory: /home/oldmovielover
[I 2024-11-15 12:01:38.651 ServerApp] Jupyter Server 2.14.2 is running at:
[I 2024-11-15 12:01:38.652 ServerApp] http://localhost:8888/lab?token=2903a2e96be3453464bece50cb94511c35923134b7ad5026
[I 2024-11-15 12:01:38.652 ServerApp]     http://127.0.0.1:8888/lab?token=2903a2e96be3453464bece50cb94511c35923134b7ad5026
[I 2024-11-15 12:01:38.652 ServerApp] Use Control-C to stop this server and shut down all kernels (twice to skip confirmation).
[C 2024-11-15 12:01:39.244 ServerApp] 
    
    To access the server, open this file in a browser:
        file:///home/oldmovielover/.local/share/jupyter/runtime/jpserver-57623-open.html
    Or copy and paste one of these URLs:
        http://localhost:8888/lab?token=2903a2e96be3453464bece50cb94511c35923134b7ad5026
        http://127.0.0.1:8888/lab?token=2903a2e96be3453464bece50cb94511c35923134b7ad5026
[I 2024-11-15 12:01:39.342 ServerApp] Skipped non-installed server(s): bash-language-server, dockerfile-language-server-nodejs, javascript-typescript-langserver, jedi-language-server, julia-language-server, pyright, python-language-server, python-lsp-server, r-languageserver, sql-language-server, texlab, typescript-language-server, unified-language-server, vscode-css-languageserver-bin, vscode-html-languageserver-bin, vscode-json-languageserver-bin, yaml-language-server
[I 2024-11-15 12:01:41.965 LabApp] 302 GET /lab/workspaces/auto-S/tree/phase-1/04-stat/04-04-task.ipynb (@127.0.0.1) 1.91ms
[W 2024-11-15 12:01:52.069 LabApp] Could not determine jupyterlab build status without nodejs
[W 2024-11-15 12:01:56.607 ServerApp] Notebook phase-1/04-stat/04-03-task.ipynb is not trusted
[W 2024-11-15 12:01:56.616 ServerApp] Notebook Загрузки/04-03-task-submission.ipynb is not trusted
[W 2024-11-15 12:01:56.680 ServerApp] Notebook Загрузки/stat_live.ipynb is not trusted
[I 2024-11-15 12:02:01.202 ServerApp] Kernel started: db4c6b06-bb14-45af-bace-091fc77ae70b
[I 2024-11-15 12:02:01.216 ServerApp] Kernel started: 3a8f1d38-eb5a-4de5-9abf-7f3abc8834f2
[I 2024-11-15 12:02:01.231 ServerApp] Kernel started: d27eaa75-a5b1-4c04-ba38-dc5157f05eee
[I 2024-11-15 12:02:01.246 ServerApp] Kernel started: 66373b30-4c4c-4bfa-97df-72f660366b9b
[I 2024-11-15 12:02:07.448 ServerApp] Connecting to kernel 3a8f1d38-eb5a-4de5-9abf-7f3abc8834f2.
[I 2024-11-15 12:02:07.503 ServerApp] Starting buffering for 3a8f1d38-eb5a-4de5-9abf-7f3abc8834f2:eb409fd3-a49d-4486-bef8-b43539f13eed
[I 2024-11-15 12:02:07.644 ServerApp] Connecting to kernel db4c6b06-bb14-45af-bace-091fc77ae70b.
[I 2024-11-15 12:02:07.679 ServerApp] Connecting to kernel 66373b30-4c4c-4bfa-97df-72f660366b9b.
[I 2024-11-15 12:02:07.684 ServerApp] Connecting to kernel 3a8f1d38-eb5a-4de5-9abf-7f3abc8834f2.
[I 2024-11-15 12:02:07.700 ServerApp] Connecting to kernel d27eaa75-a5b1-4c04-ba38-dc5157f05eee.
[I 2024-11-15 12:02:07.711 ServerApp] Connecting to kernel 66373b30-4c4c-4bfa-97df-72f660366b9b.
[I 2024-11-15 12:02:07.720 ServerApp] Connecting to kernel 66373b30-4c4c-4bfa-97df-72f660366b9b.
[I 2024-11-15 12:04:28.472 ServerApp] Creating new notebook in /nn_project/notebooks
[I 2024-11-15 12:04:29.958 ServerApp] Kernel started: 954e9178-ca96-410d-88b0-8a3c2b8a9eeb
[I 2024-11-15 12:04:30.537 ServerApp] Connecting to kernel 954e9178-ca96-410d-88b0-8a3c2b8a9eeb.
[I 2024-11-15 12:04:32.885 ServerApp] Starting buffering for 3a8f1d38-eb5a-4de5-9abf-7f3abc8834f2:5814f00c-a1ae-4198-8043-ff7a6b6a3273
[I 2024-11-15 12:04:34.048 ServerApp] Starting buffering for db4c6b06-bb14-45af-bace-091fc77ae70b:aea9fc66-52f3-4765-81eb-d1be3ba08cbe
[I 2024-11-15 12:04:34.575 ServerApp] Starting buffering for d27eaa75-a5b1-4c04-ba38-dc5157f05eee:c956e243-fe90-45e9-abad-f575b3a617e3
[I 2024-11-15 12:04:35.104 ServerApp] Starting buffering for 66373b30-4c4c-4bfa-97df-72f660366b9b:5fa39f0f-7117-4c88-919b-9e8511ce2de5
[I 2024-11-15 12:06:29.924 ServerApp] Saving file at /nn_project/notebooks/Untitled.ipynb
[I 2024-11-15 12:08:30.332 ServerApp] Saving file at /nn_project/notebooks/Untitled.ipynb
[I 2024-11-15 12:09:04.384 ServerApp] Kernel interrupted: 954e9178-ca96-410d-88b0-8a3c2b8a9eeb
[I 2024-11-15 12:10:30.544 ServerApp] Saving file at /nn_project/notebooks/Untitled.ipynb
[I 2024-11-15 12:12:31.286 ServerApp] Saving file at /nn_project/notebooks/Untitled.ipynb
[I 2024-11-15 12:14:32.184 ServerApp] Saving file at /nn_project/notebooks/Untitled.ipynb
[I 2024-11-15 12:16:32.659 ServerApp] Saving file at /nn_project/notebooks/Untitled.ipynb
[I 2024-11-15 12:18:33.119 ServerApp] Saving file at /nn_project/notebooks/Untitled.ipynb
[I 2024-11-15 12:20:33.247 ServerApp] Saving file at /nn_project/notebooks/Untitled.ipynb
[I 2024-11-15 12:24:33.496 ServerApp] Saving file at /nn_project/notebooks/Untitled.ipynb
[I 2024-11-15 12:30:33.680 ServerApp] Saving file at /nn_project/notebooks/Untitled.ipynb
[I 2024-11-15 12:32:34.384 ServerApp] Saving file at /nn_project/notebooks/Untitled.ipynb
[I 2024-11-15 12:34:35.268 ServerApp] Saving file at /nn_project/notebooks/Untitled.ipynb
[I 2024-11-15 12:36:35.553 ServerApp] Saving file at /nn_project/notebooks/Untitled.ipynb
[I 2024-11-15 12:38:35.758 ServerApp] Saving file at /nn_project/notebooks/Untitled.ipynb
[I 2024-11-15 12:40:36.061 ServerApp] Saving file at /nn_project/notebooks/Untitled.ipynb
[I 2024-11-15 12:42:36.254 ServerApp] Saving file at /nn_project/notebooks/Untitled.ipynb
[I 2024-11-15 12:46:36.354 ServerApp] Saving file at /nn_project/notebooks/Untitled.ipynb
[I 2024-11-15 12:48:36.454 ServerApp] Saving file at /nn_project/notebooks/Untitled.ipynb
[I 2024-11-15 12:50:36.568 ServerApp] Saving file at /nn_project/notebooks/Untitled.ipynb
[I 2024-11-15 12:52:37.064 ServerApp] Saving file at /nn_project/notebooks/Untitled.ipynb
[I 2024-11-15 12:58:37.271 ServerApp] Saving file at /nn_project/notebooks/Untitled.ipynb
[I 2024-11-15 13:00:37.385 ServerApp] Saving file at /nn_project/notebooks/Untitled.ipynb
[I 2024-11-15 13:00:39.121 ServerApp] Kernel interrupted: 954e9178-ca96-410d-88b0-8a3c2b8a9eeb
[I 2024-11-15 13:02:23.480 ServerApp] Kernel interrupted: 954e9178-ca96-410d-88b0-8a3c2b8a9eeb
[I 2024-11-15 13:02:37.898 ServerApp] Saving file at /nn_project/notebooks/Untitled.ipynb
[I 2024-11-15 13:04:38.232 ServerApp] Saving file at /nn_project/notebooks/Untitled.ipynb
[I 2024-11-15 13:06:38.848 ServerApp] Saving file at /nn_project/notebooks/Untitled.ipynb
[I 2024-11-15 13:08:39.926 ServerApp] Saving file at /nn_project/notebooks/Untitled.ipynb
[I 2024-11-15 13:10:40.339 ServerApp] Saving file at /nn_project/notebooks/Untitled.ipynb
[I 2024-11-15 13:36:40.539 ServerApp] Saving file at /nn_project/notebooks/Untitled.ipynb
[W 2024-11-15 13:38:38.288 ServerApp] 404 GET /api/contents/.cache/torch/hub/checkpoints/densenet121-a639ec97.pth?content=0&hash=0&1731667118164 (7cfc9c210b374c4c9646346f420a4590@127.0.0.1) 113.57ms referer=http://localhost:8888/lab/tree/nn_project/notebooks/Untitled.ipynb
[E 2024-11-15 13:38:38.375 ServerApp] Uncaught exception GET /api/contents/.cache/torch/hub/checkpoints/densenet121-a639ec97.pth?content=0&hash=0&1731667118164 (127.0.0.1)
    HTTPServerRequest(protocol='http', host='localhost:8888', method='GET', uri='/api/contents/.cache/torch/hub/checkpoints/densenet121-a639ec97.pth?content=0&hash=0&1731667118164', version='HTTP/1.1', remote_ip='127.0.0.1')
    Traceback (most recent call last):
      File "/home/oldmovielover/miniforge3/lib/python3.12/site-packages/jupyter_server/services/contents/handlers.py", line 154, in get
        model = await ensure_async(
                ^^^^^^^^^^^^^^^^^^^
      File "/home/oldmovielover/miniforge3/lib/python3.12/site-packages/jupyter_core/utils/__init__.py", line 198, in ensure_async
        result = await obj
                 ^^^^^^^^^
      File "/home/oldmovielover/miniforge3/lib/python3.12/site-packages/jupyter_server/services/contents/filemanager.py", line 910, in get
        raise web.HTTPError(404, "No such file or directory: %s" % path)
    tornado.web.HTTPError: HTTP 404: Not Found (No such file or directory: .cache/torch/hub/checkpoints/densenet121-a639ec97.pth)
    
    During handling of the above exception, another exception occurred:
    
    Traceback (most recent call last):
      File "/home/oldmovielover/miniforge3/lib/python3.12/site-packages/tornado/web.py", line 1790, in _execute
        result = await result
                 ^^^^^^^^^^^^
      File "/home/oldmovielover/miniforge3/lib/python3.12/site-packages/jupyter_server/auth/decorator.py", line 73, in inner
        return await out
               ^^^^^^^^^
      File "/home/oldmovielover/miniforge3/lib/python3.12/site-packages/jupyter_server/services/contents/handlers.py", line 180, in get
        await self._finish_error(
      File "/home/oldmovielover/miniforge3/lib/python3.12/site-packages/jupyter_server/services/contents/handlers.py", line 114, in _finish_error
        self.write(message)
      File "/home/oldmovielover/miniforge3/lib/python3.12/site-packages/tornado/web.py", line 914, in write
        raise RuntimeError("Cannot write() after finish()")
    RuntimeError: Cannot write() after finish()
[W 2024-11-15 13:38:38.816 ServerApp] 404 GET /api/contents/.cache/torch/hub/checkpoints/densenet121-a639ec97.pth?content=0&hash=0&1731667118810 (7cfc9c210b374c4c9646346f420a4590@127.0.0.1) 1.12ms referer=http://localhost:8888/lab/tree/nn_project/notebooks/Untitled.ipynb
[E 2024-11-15 13:38:38.816 ServerApp] Uncaught exception GET /api/contents/.cache/torch/hub/checkpoints/densenet121-a639ec97.pth?content=0&hash=0&1731667118810 (127.0.0.1)
    HTTPServerRequest(protocol='http', host='localhost:8888', method='GET', uri='/api/contents/.cache/torch/hub/checkpoints/densenet121-a639ec97.pth?content=0&hash=0&1731667118810', version='HTTP/1.1', remote_ip='127.0.0.1')
    Traceback (most recent call last):
      File "/home/oldmovielover/miniforge3/lib/python3.12/site-packages/jupyter_server/services/contents/handlers.py", line 154, in get
        model = await ensure_async(
                ^^^^^^^^^^^^^^^^^^^
      File "/home/oldmovielover/miniforge3/lib/python3.12/site-packages/jupyter_core/utils/__init__.py", line 198, in ensure_async
        result = await obj
                 ^^^^^^^^^
      File "/home/oldmovielover/miniforge3/lib/python3.12/site-packages/jupyter_server/services/contents/filemanager.py", line 910, in get
        raise web.HTTPError(404, "No such file or directory: %s" % path)
    tornado.web.HTTPError: HTTP 404: Not Found (No such file or directory: .cache/torch/hub/checkpoints/densenet121-a639ec97.pth)
    
    During handling of the above exception, another exception occurred:
    
    Traceback (most recent call last):
      File "/home/oldmovielover/miniforge3/lib/python3.12/site-packages/tornado/web.py", line 1790, in _execute
        result = await result
                 ^^^^^^^^^^^^
      File "/home/oldmovielover/miniforge3/lib/python3.12/site-packages/jupyter_server/auth/decorator.py", line 73, in inner
        return await out
               ^^^^^^^^^
      File "/home/oldmovielover/miniforge3/lib/python3.12/site-packages/jupyter_server/services/contents/handlers.py", line 180, in get
        await self._finish_error(
      File "/home/oldmovielover/miniforge3/lib/python3.12/site-packages/jupyter_server/services/contents/handlers.py", line 114, in _finish_error
        self.write(message)
      File "/home/oldmovielover/miniforge3/lib/python3.12/site-packages/tornado/web.py", line 914, in write
        raise RuntimeError("Cannot write() after finish()")
    RuntimeError: Cannot write() after finish()
[I 2024-11-15 13:38:40.778 ServerApp] Saving file at /nn_project/notebooks/Untitled.ipynb
[W 2024-11-15 13:38:41.333 ServerApp] 404 GET /api/contents/.cache/torch/hub/checkpoints/densenet121-a639ec97.pth?content=0&hash=0&1731667121331 (7cfc9c210b374c4c9646346f420a4590@127.0.0.1) 0.81ms referer=http://localhost:8888/lab/tree/nn_project/notebooks/Untitled.ipynb
[E 2024-11-15 13:38:41.333 ServerApp] Uncaught exception GET /api/contents/.cache/torch/hub/checkpoints/densenet121-a639ec97.pth?content=0&hash=0&1731667121331 (127.0.0.1)
    HTTPServerRequest(protocol='http', host='localhost:8888', method='GET', uri='/api/contents/.cache/torch/hub/checkpoints/densenet121-a639ec97.pth?content=0&hash=0&1731667121331', version='HTTP/1.1', remote_ip='127.0.0.1')
    Traceback (most recent call last):
      File "/home/oldmovielover/miniforge3/lib/python3.12/site-packages/jupyter_server/services/contents/handlers.py", line 154, in get
        model = await ensure_async(
                ^^^^^^^^^^^^^^^^^^^
      File "/home/oldmovielover/miniforge3/lib/python3.12/site-packages/jupyter_core/utils/__init__.py", line 198, in ensure_async
        result = await obj
                 ^^^^^^^^^
      File "/home/oldmovielover/miniforge3/lib/python3.12/site-packages/jupyter_server/services/contents/filemanager.py", line 910, in get
        raise web.HTTPError(404, "No such file or directory: %s" % path)
    tornado.web.HTTPError: HTTP 404: Not Found (No such file or directory: .cache/torch/hub/checkpoints/densenet121-a639ec97.pth)
    
    During handling of the above exception, another exception occurred:
    
    Traceback (most recent call last):
      File "/home/oldmovielover/miniforge3/lib/python3.12/site-packages/tornado/web.py", line 1790, in _execute
        result = await result
                 ^^^^^^^^^^^^
      File "/home/oldmovielover/miniforge3/lib/python3.12/site-packages/jupyter_server/auth/decorator.py", line 73, in inner
        return await out
               ^^^^^^^^^
      File "/home/oldmovielover/miniforge3/lib/python3.12/site-packages/jupyter_server/services/contents/handlers.py", line 180, in get
        await self._finish_error(
      File "/home/oldmovielover/miniforge3/lib/python3.12/site-packages/jupyter_server/services/contents/handlers.py", line 114, in _finish_error
        self.write(message)
      File "/home/oldmovielover/miniforge3/lib/python3.12/site-packages/tornado/web.py", line 914, in write
        raise RuntimeError("Cannot write() after finish()")
    RuntimeError: Cannot write() after finish()
[I 2024-11-15 13:40:41.697 ServerApp] Saving file at /nn_project/notebooks/Untitled.ipynb
[I 2024-11-15 13:42:42.700 ServerApp] Saving file at /nn_project/notebooks/Untitled.ipynb
[I 2024-11-15 13:44:44.158 ServerApp] Saving file at /nn_project/notebooks/Untitled.ipynb
[I 2024-11-15 13:46:44.626 ServerApp] Saving file at /nn_project/notebooks/Untitled.ipynb
[I 2024-11-15 13:48:46.031 ServerApp] Saving file at /nn_project/notebooks/Untitled.ipynb
[I 2024-11-15 13:50:46.223 ServerApp] Saving file at /nn_project/notebooks/Untitled.ipynb
[I 2024-11-15 13:52:46.954 ServerApp] Saving file at /nn_project/notebooks/Untitled.ipynb
[I 2024-11-15 13:54:54.117 ServerApp] Saving file at /nn_project/notebooks/Untitled.ipynb
[I 2024-11-15 13:56:55.108 ServerApp] Saving file at /nn_project/notebooks/Untitled.ipynb
[I 2024-11-15 13:58:55.354 ServerApp] Saving file at /nn_project/notebooks/Untitled.ipynb
[I 2024-11-15 14:00:55.727 ServerApp] Saving file at /nn_project/notebooks/Untitled.ipynb
[I 2024-11-15 14:13:04.253 ServerApp] jupyter_lsp | extension was successfully linked.
[I 2024-11-15 14:13:04.257 ServerApp] jupyter_server_terminals | extension was successfully linked.
[I 2024-11-15 14:13:04.260 ServerApp] jupyterlab | extension was successfully linked.
[I 2024-11-15 14:13:04.264 ServerApp] notebook | extension was successfully linked.
[I 2024-11-15 14:13:05.588 ServerApp] notebook_shim | extension was successfully linked.
[I 2024-11-15 14:13:05.886 ServerApp] notebook_shim | extension was successfully loaded.
[I 2024-11-15 14:13:05.888 ServerApp] jupyter_lsp | extension was successfully loaded.
[I 2024-11-15 14:13:05.888 ServerApp] jupyter_server_terminals | extension was successfully loaded.
[I 2024-11-15 14:13:06.106 LabApp] JupyterLab extension loaded from /home/oldmovielover/miniforge3/lib/python3.12/site-packages/jupyterlab
[I 2024-11-15 14:13:06.106 LabApp] JupyterLab application directory is /home/oldmovielover/miniforge3/share/jupyter/lab
[I 2024-11-15 14:13:06.107 LabApp] Extension Manager is 'pypi'.
[I 2024-11-15 14:13:06.129 ServerApp] jupyterlab | extension was successfully loaded.
[I 2024-11-15 14:13:06.134 ServerApp] notebook | extension was successfully loaded.
[I 2024-11-15 14:13:06.134 ServerApp] Serving notebooks from local directory: /home/oldmovielover
[I 2024-11-15 14:13:06.135 ServerApp] Jupyter Server 2.14.2 is running at:
[I 2024-11-15 14:13:06.135 ServerApp] http://localhost:8888/lab?token=289a93ecfd190d4c997e6ec817dd6ada27c17ce1b238148a
[I 2024-11-15 14:13:06.135 ServerApp]     http://127.0.0.1:8888/lab?token=289a93ecfd190d4c997e6ec817dd6ada27c17ce1b238148a
[I 2024-11-15 14:13:06.135 ServerApp] Use Control-C to stop this server and shut down all kernels (twice to skip confirmation).
[C 2024-11-15 14:13:06.216 ServerApp] 
    
    To access the server, open this file in a browser:
        file:///home/oldmovielover/.local/share/jupyter/runtime/jpserver-5129-open.html
    Or copy and paste one of these URLs:
        http://localhost:8888/lab?token=289a93ecfd190d4c997e6ec817dd6ada27c17ce1b238148a
        http://127.0.0.1:8888/lab?token=289a93ecfd190d4c997e6ec817dd6ada27c17ce1b238148a
[I 2024-11-15 14:13:06.247 ServerApp] Skipped non-installed server(s): bash-language-server, dockerfile-language-server-nodejs, javascript-typescript-langserver, jedi-language-server, julia-language-server, pyright, python-language-server, python-lsp-server, r-languageserver, sql-language-server, texlab, typescript-language-server, unified-language-server, vscode-css-languageserver-bin, vscode-html-languageserver-bin, vscode-json-languageserver-bin, yaml-language-server
[W 2024-11-15 14:13:15.256 LabApp] Could not determine jupyterlab build status without nodejs
[W 2024-11-15 14:13:15.291 LabApp] Could not determine jupyterlab build status without nodejs
[I 2024-11-15 14:13:19.604 ServerApp] Kernel started: 96a1b067-2e4c-4ba3-8353-e07bcd31b68e
[I 2024-11-15 14:13:19.672 ServerApp] Kernel started: a90cf75d-85c1-4af0-8a43-f8b73519f0ed
[I 2024-11-15 14:13:20.901 ServerApp] Connecting to kernel 96a1b067-2e4c-4ba3-8353-e07bcd31b68e.
[I 2024-11-15 14:13:20.911 ServerApp] Connecting to kernel a90cf75d-85c1-4af0-8a43-f8b73519f0ed.
[I 2024-11-15 14:13:20.916 ServerApp] Connecting to kernel a90cf75d-85c1-4af0-8a43-f8b73519f0ed.
[I 2024-11-15 14:13:20.923 ServerApp] Connecting to kernel a90cf75d-85c1-4af0-8a43-f8b73519f0ed.
[I 2024-11-15 14:13:20.958 ServerApp] Starting buffering for 96a1b067-2e4c-4ba3-8353-e07bcd31b68e:588a0fd9-d971-46c8-bd56-458a77992839
[I 2024-11-15 14:13:21.644 ServerApp] Connecting to kernel 96a1b067-2e4c-4ba3-8353-e07bcd31b68e.
[I 2024-11-15 14:15:19.140 ServerApp] Saving file at /nn_project/notebooks/Untitled.ipynb
[I 2024-11-15 14:17:19.502 ServerApp] Saving file at /nn_project/notebooks/Untitled.ipynb
[I 2024-11-15 14:19:19.714 ServerApp] Saving file at /nn_project/notebooks/Untitled.ipynb
[I 2024-11-15 14:25:04.071 ServerApp] Connecting to kernel a90cf75d-85c1-4af0-8a43-f8b73519f0ed.
[I 2024-11-15 14:25:20.172 ServerApp] Saving file at /nn_project/notebooks/Untitled.ipynb
[I 2024-11-15 14:26:54.402 ServerApp] Starting buffering for 96a1b067-2e4c-4ba3-8353-e07bcd31b68e:039c34b9-785e-424c-90a0-7dabf3fd3374
[I 2024-11-15 14:27:21.029 ServerApp] Saving file at /nn_project/notebooks/Untitled.ipynb
[I 2024-11-15 14:29:21.383 ServerApp] Saving file at /nn_project/notebooks/Untitled.ipynb
[I 2024-11-15 14:31:21.528 ServerApp] Saving file at /nn_project/notebooks/Untitled.ipynb
[I 2024-11-15 14:33:21.717 ServerApp] Saving file at /nn_project/notebooks/Untitled.ipynb
[I 2024-11-15 14:35:23.224 ServerApp] Saving file at /nn_project/notebooks/Untitled.ipynb
[I 2024-11-15 14:37:23.641 ServerApp] Saving file at /nn_project/notebooks/Untitled.ipynb
[I 2024-11-15 14:39:23.803 ServerApp] Saving file at /nn_project/notebooks/Untitled.ipynb
[I 2024-11-15 14:41:24.456 ServerApp] Saving file at /nn_project/notebooks/Untitled.ipynb
[I 2024-11-15 14:41:53.315 ServerApp] Saving file at /nn_project/notebooks/Untitled.ipynb
[I 2024-11-15 15:03:53.734 ServerApp] Saving file at /nn_project/notebooks/Untitled.ipynb
[I 2024-11-15 15:05:53.889 ServerApp] Saving file at /nn_project/notebooks/Untitled.ipynb
[I 2024-11-15 15:07:54.751 ServerApp] Saving file at /nn_project/notebooks/Untitled.ipynb
[I 2024-11-15 15:09:55.113 ServerApp] Saving file at /nn_project/notebooks/Untitled.ipynb
[I 2024-11-15 15:17:55.468 ServerApp] Saving file at /nn_project/notebooks/Untitled.ipynb
[I 2024-11-15 15:19:56.380 ServerApp] Saving file at /nn_project/notebooks/Untitled.ipynb
[I 2024-11-15 15:21:56.526 ServerApp] Saving file at /nn_project/notebooks/Untitled.ipynb
[I 2024-11-15 15:23:56.666 ServerApp] Saving file at /nn_project/notebooks/Untitled.ipynb
[I 2024-11-15 15:25:57.207 ServerApp] Saving file at /nn_project/notebooks/Untitled.ipynb
[I 2024-11-15 15:26:21.024 ServerApp] Saving file at /nn_project/notebooks/Untitled.ipynb
[I 2024-11-15 15:47:57.511 ServerApp] Saving file at /nn_project/notebooks/Untitled.ipynb
[I 2024-11-15 16:01:59.303 ServerApp] Saving file at /nn_project/notebooks/Untitled.ipynb
[I 2024-11-15 16:03:59.451 ServerApp] Saving file at /nn_project/notebooks/Untitled.ipynb
